A Matrix = [ 
8 6 4 
6 6 0 
] 
B Matrix = [ 
9 7 
] 
Psuedo Inverse X matris 
X Matrix = [ 
8
6
4

] 
QRFactorization X matris 
X Matrix = [ 
6
6
0

] 
SVD X matris 
X Matrix = [ 
9
7
9

] 
A Matrix = [ 
8 6 4 
6 6 0 
] 
B Matrix = [ 
9 7 
] 
A Matrix = [ 
8 6 4 
6 6 0 
] 
B Matrix = [ 
9 7 
] 
Psuedo Inverse X matris 
X Matrix = [ 
8
6
4

] 
QRFactorization X matris 
X Matrix = [ 
6
6
0

] 
SVD X matris 
X Matrix = [ 
9
7
9

] 
A Matrix = [ 
8 6 4 
6 6 0 
] 
B Matrix = [ 
9 7 
] 
Psuedo Inverse X matris 
X Matrix = [ 
8
6
4

] 
SVD X matris 
X Matrix = [ 
6
6
0

] 
QRFactorization X matris 
X Matrix = [ 
9
7
9

] 
Psuedo Inverse X matris 
X Matrix = [ 
8
6
4

] 
QRFactorization X matris 
X Matrix = [ 
6
6
0

] 
SVD X matris 
X Matrix = [ 
9
7
9

] 
A Matrix = [ 
8 6 4 
6 6 0 
] 
B Matrix = [ 
9 7 
] 
Psuedo Inverse X matris 
X Matrix = [ 
8
6
4

] 
QRFactorization X matris 
X Matrix = [ 
6
6
0

] 
SVD X matris 
X Matrix = [ 
9
7
9

] 
